

================================================================
== Vitis HLS Report for 'cordiccart2pol'
================================================================
* Date:           Wed Aug 10 19:55:10 2022

* Version:        2022.1 (Build 3526262 on Mon Apr 18 15:48:16 MDT 2022)
* Project:        cordic_prj
* Solution:       solution1 (Vivado IP Flow Target)
* Product family: zynq
* Target device:  xc7z020-clg484-1


================================================================
== Performance Estimates
================================================================
+ Timing: 
    * Summary: 
    +--------+----------+----------+------------+
    |  Clock |  Target  | Estimated| Uncertainty|
    +--------+----------+----------+------------+
    |ap_clk  |  10.00 ns|  7.256 ns|     2.70 ns|
    +--------+----------+----------+------------+

+ Latency: 
    * Summary: 
    +---------+---------+----------+----------+-----+-----+---------+
    |  Latency (cycles) |  Latency (absolute) |  Interval | Pipeline|
    |   min   |   max   |    min   |    max   | min | max |   Type  |
    +---------+---------+----------+----------+-----+-----+---------+
    |      170|      170|  1.700 us|  1.700 us|  171|  171|       no|
    +---------+---------+----------+----------+-----+-----+---------+

    + Detail: 
        * Instance: 
        +----------------------------------------------------+-----------------------------------------+---------+---------+----------+----------+-----+-----+---------+
        |                                                    |                                         |  Latency (cycles) |  Latency (absolute) |  Interval | Pipeline|
        |                      Instance                      |                  Module                 |   min   |   max   |    min   |    max   | min | max |   Type  |
        +----------------------------------------------------+-----------------------------------------+---------+---------+----------+----------+-----+-----+---------+
        |grp_cordiccart2pol_Pipeline_VITIS_LOOP_57_1_fu_102  |cordiccart2pol_Pipeline_VITIS_LOOP_57_1  |      163|      163|  1.630 us|  1.630 us|  163|  163|       no|
        +----------------------------------------------------+-----------------------------------------+---------+---------+----------+----------+-----+-----+---------+

        * Loop: 
        N/A



================================================================
== Utilization Estimates
================================================================
* Summary: 
+-----------------+---------+-----+--------+-------+-----+
|       Name      | BRAM_18K| DSP |   FF   |  LUT  | URAM|
+-----------------+---------+-----+--------+-------+-----+
|DSP              |        -|    -|       -|      -|    -|
|Expression       |        -|    -|       0|    192|    -|
|FIFO             |        -|    -|       -|      -|    -|
|Instance         |        0|   10|    1320|   2109|    -|
|Memory           |        -|    -|       -|      -|    -|
|Multiplexer      |        -|    -|       -|    136|    -|
|Register         |        -|    -|     139|      -|    -|
+-----------------+---------+-----+--------+-------+-----+
|Total            |        0|   10|    1459|   2437|    0|
+-----------------+---------+-----+--------+-------+-----+
|Available        |      280|  220|  106400|  53200|    0|
+-----------------+---------+-----+--------+-------+-----+
|Utilization (%)  |        0|    4|       1|      4|    0|
+-----------------+---------+-----+--------+-------+-----+

+ Detail: 
    * Instance: 
    +----------------------------------------------------+-----------------------------------------+---------+----+-----+------+-----+
    |                      Instance                      |                  Module                 | BRAM_18K| DSP|  FF |  LUT | URAM|
    +----------------------------------------------------+-----------------------------------------+---------+----+-----+------+-----+
    |control_s_axi_U                                     |control_s_axi                            |        0|   0|  188|   296|    0|
    |grp_cordiccart2pol_Pipeline_VITIS_LOOP_57_1_fu_102  |cordiccart2pol_Pipeline_VITIS_LOOP_57_1  |        0|   7|  989|  1492|    0|
    |fcmp_32ns_32ns_1_2_no_dsp_1_U16                     |fcmp_32ns_32ns_1_2_no_dsp_1              |        0|   0|    0|     0|    0|
    |fmul_32ns_32ns_32_4_max_dsp_1_U15                   |fmul_32ns_32ns_32_4_max_dsp_1            |        0|   3|  143|   321|    0|
    +----------------------------------------------------+-----------------------------------------+---------+----+-----+------+-----+
    |Total                                               |                                         |        0|  10| 1320|  2109|    0|
    +----------------------------------------------------+-----------------------------------------+---------+----+-----+------+-----+

    * DSP: 
    N/A

    * Memory: 
    N/A

    * FIFO: 
    N/A

    * Expression: 
    +-----------------------+----------+----+---+----+------------+------------+
    |     Variable Name     | Operation| DSP| FF| LUT| Bitwidth P0| Bitwidth P1|
    +-----------------------+----------+----+---+----+------------+------------+
    |and_ln44_fu_161_p2     |       and|   0|  0|   2|           1|           1|
    |icmp_ln44_1_fu_149_p2  |      icmp|   0|  0|  15|          23|           1|
    |icmp_ln44_fu_143_p2    |      icmp|   0|  0|  11|           8|           2|
    |or_ln44_fu_155_p2      |        or|   0|  0|   2|           1|           1|
    |theta_acc_fu_205_p3    |    select|   0|  0|  32|           1|          32|
    |x_current_3_fu_189_p3  |    select|   0|  0|  32|           1|          32|
    |y_current_3_fu_197_p3  |    select|   0|  0|  32|           1|          32|
    |xor_ln47_fu_166_p2     |       xor|   0|  0|  33|          32|          33|
    |xor_ln54_fu_179_p2     |       xor|   0|  0|  33|          32|          33|
    +-----------------------+----------+----+---+----+------------+------------+
    |Total                  |          |   0|  0| 192|         100|         167|
    +-----------------------+----------+----+---+----+------------+------------+

    * Multiplexer: 
    +-------------------+----+-----------+-----+-----------+
    |        Name       | LUT| Input Size| Bits| Total Bits|
    +-------------------+----+-----------+-----+-----------+
    |ap_NS_fsm          |  48|          9|    1|          9|
    |grp_fu_115_ce      |   9|          2|    1|          2|
    |grp_fu_115_p0      |  14|          3|   32|         96|
    |grp_fu_115_p1      |  14|          3|   32|         96|
    |grp_fu_120_ce      |   9|          2|    1|          2|
    |grp_fu_120_opcode  |  14|          3|    5|         15|
    |grp_fu_120_p0      |  14|          3|   32|         96|
    |grp_fu_120_p1      |  14|          3|   32|         96|
    +-------------------+----+-----------+-----+-----------+
    |Total              | 136|         28|  136|        412|
    +-------------------+----+-----------+-----+-----------+

    * Register: 
    +-----------------------------------------------------------------+----+----+-----+-----------+
    |                               Name                              | FF | LUT| Bits| Const Bits|
    +-----------------------------------------------------------------+----+----+-----+-----------+
    |ap_CS_fsm                                                        |   8|   0|    8|          0|
    |grp_cordiccart2pol_Pipeline_VITIS_LOOP_57_1_fu_102_ap_start_reg  |   1|   0|    1|          0|
    |theta_acc_reg_271                                                |   1|   0|   32|         31|
    |tmp_1_reg_256                                                    |   1|   0|    1|          0|
    |x_current_3_reg_261                                              |  32|   0|   32|          0|
    |x_read_reg_238                                                   |  32|   0|   32|          0|
    |y_current_3_reg_266                                              |  32|   0|   32|          0|
    |y_read_reg_231                                                   |  32|   0|   32|          0|
    +-----------------------------------------------------------------+----+----+-----+-----------+
    |Total                                                            | 139|   0|  170|         31|
    +-----------------------------------------------------------------+----+----+-----+-----------+



================================================================
== Interface
================================================================
* Summary: 
+-----------------------+-----+-----+------------+----------------+--------------+
|       RTL Ports       | Dir | Bits|  Protocol  |  Source Object |    C Type    |
+-----------------------+-----+-----+------------+----------------+--------------+
|s_axi_control_AWVALID  |   in|    1|       s_axi|         control|       pointer|
|s_axi_control_AWREADY  |  out|    1|       s_axi|         control|       pointer|
|s_axi_control_AWADDR   |   in|    6|       s_axi|         control|       pointer|
|s_axi_control_WVALID   |   in|    1|       s_axi|         control|       pointer|
|s_axi_control_WREADY   |  out|    1|       s_axi|         control|       pointer|
|s_axi_control_WDATA    |   in|   32|       s_axi|         control|       pointer|
|s_axi_control_WSTRB    |   in|    4|       s_axi|         control|       pointer|
|s_axi_control_ARVALID  |   in|    1|       s_axi|         control|       pointer|
|s_axi_control_ARREADY  |  out|    1|       s_axi|         control|       pointer|
|s_axi_control_ARADDR   |   in|    6|       s_axi|         control|       pointer|
|s_axi_control_RVALID   |  out|    1|       s_axi|         control|       pointer|
|s_axi_control_RREADY   |   in|    1|       s_axi|         control|       pointer|
|s_axi_control_RDATA    |  out|   32|       s_axi|         control|       pointer|
|s_axi_control_RRESP    |  out|    2|       s_axi|         control|       pointer|
|s_axi_control_BVALID   |  out|    1|       s_axi|         control|       pointer|
|s_axi_control_BREADY   |   in|    1|       s_axi|         control|       pointer|
|s_axi_control_BRESP    |  out|    2|       s_axi|         control|       pointer|
|ap_clk                 |   in|    1|  ap_ctrl_hs|  cordiccart2pol|  return value|
|ap_rst_n               |   in|    1|  ap_ctrl_hs|  cordiccart2pol|  return value|
|interrupt              |  out|    1|  ap_ctrl_hs|  cordiccart2pol|  return value|
+-----------------------+-----+-----+------------+----------------+--------------+

